{"C:\\Users\\joabe.leal\\Documents\\TDD\\src\\operacoes.js": {"path":"C:\\Users\\joabe.leal\\Documents\\TDD\\src\\operacoes.js","statementMap":{"0":{"start":{"line":2,"column":4},"end":{"line":4,"column":5}},"1":{"start":{"line":3,"column":8},"end":{"line":3,"column":32}},"2":{"start":{"line":6,"column":4},"end":{"line":6,"column":22}},"3":{"start":{"line":10,"column":4},"end":{"line":12,"column":5}},"4":{"start":{"line":11,"column":8},"end":{"line":11,"column":32}},"5":{"start":{"line":14,"column":4},"end":{"line":14,"column":22}},"6":{"start":{"line":18,"column":4},"end":{"line":20,"column":5}},"7":{"start":{"line":19,"column":8},"end":{"line":19,"column":32}},"8":{"start":{"line":22,"column":4},"end":{"line":22,"column":22}},"9":{"start":{"line":26,"column":4},"end":{"line":28,"column":5}},"10":{"start":{"line":27,"column":8},"end":{"line":27,"column":32}},"11":{"start":{"line":30,"column":4},"end":{"line":30,"column":22}},"12":{"start":{"line":34,"column":4},"end":{"line":36,"column":5}},"13":{"start":{"line":35,"column":8},"end":{"line":35,"column":32}},"14":{"start":{"line":38,"column":4},"end":{"line":38,"column":23}},"15":{"start":{"line":42,"column":4},"end":{"line":44,"column":5}},"16":{"start":{"line":43,"column":8},"end":{"line":43,"column":32}},"17":{"start":{"line":46,"column":4},"end":{"line":46,"column":33}},"18":{"start":{"line":50,"column":0},"end":{"line":57,"column":1}}},"fnMap":{"0":{"name":"sum","decl":{"start":{"line":1,"column":9},"end":{"line":1,"column":12}},"loc":{"start":{"line":1,"column":25},"end":{"line":7,"column":1}},"line":1},"1":{"name":"sub","decl":{"start":{"line":9,"column":9},"end":{"line":9,"column":12}},"loc":{"start":{"line":9,"column":25},"end":{"line":15,"column":1}},"line":9},"2":{"name":"mult","decl":{"start":{"line":17,"column":9},"end":{"line":17,"column":13}},"loc":{"start":{"line":17,"column":26},"end":{"line":23,"column":1}},"line":17},"3":{"name":"div","decl":{"start":{"line":25,"column":9},"end":{"line":25,"column":12}},"loc":{"start":{"line":25,"column":25},"end":{"line":31,"column":1}},"line":25},"4":{"name":"pot","decl":{"start":{"line":33,"column":9},"end":{"line":33,"column":12}},"loc":{"start":{"line":33,"column":25},"end":{"line":39,"column":1}},"line":33},"5":{"name":"raiz","decl":{"start":{"line":41,"column":9},"end":{"line":41,"column":13}},"loc":{"start":{"line":41,"column":20},"end":{"line":47,"column":1}},"line":41}},"branchMap":{"0":{"loc":{"start":{"line":2,"column":4},"end":{"line":4,"column":5}},"type":"if","locations":[{"start":{"line":2,"column":4},"end":{"line":4,"column":5}},{"start":{},"end":{}}],"line":2},"1":{"loc":{"start":{"line":2,"column":7},"end":{"line":2,"column":33}},"type":"binary-expr","locations":[{"start":{"line":2,"column":7},"end":{"line":2,"column":18}},{"start":{"line":2,"column":22},"end":{"line":2,"column":33}}],"line":2},"2":{"loc":{"start":{"line":10,"column":4},"end":{"line":12,"column":5}},"type":"if","locations":[{"start":{"line":10,"column":4},"end":{"line":12,"column":5}},{"start":{},"end":{}}],"line":10},"3":{"loc":{"start":{"line":10,"column":7},"end":{"line":10,"column":33}},"type":"binary-expr","locations":[{"start":{"line":10,"column":7},"end":{"line":10,"column":18}},{"start":{"line":10,"column":22},"end":{"line":10,"column":33}}],"line":10},"4":{"loc":{"start":{"line":18,"column":4},"end":{"line":20,"column":5}},"type":"if","locations":[{"start":{"line":18,"column":4},"end":{"line":20,"column":5}},{"start":{},"end":{}}],"line":18},"5":{"loc":{"start":{"line":18,"column":7},"end":{"line":18,"column":33}},"type":"binary-expr","locations":[{"start":{"line":18,"column":7},"end":{"line":18,"column":18}},{"start":{"line":18,"column":22},"end":{"line":18,"column":33}}],"line":18},"6":{"loc":{"start":{"line":26,"column":4},"end":{"line":28,"column":5}},"type":"if","locations":[{"start":{"line":26,"column":4},"end":{"line":28,"column":5}},{"start":{},"end":{}}],"line":26},"7":{"loc":{"start":{"line":26,"column":7},"end":{"line":26,"column":33}},"type":"binary-expr","locations":[{"start":{"line":26,"column":7},"end":{"line":26,"column":18}},{"start":{"line":26,"column":22},"end":{"line":26,"column":33}}],"line":26},"8":{"loc":{"start":{"line":34,"column":4},"end":{"line":36,"column":5}},"type":"if","locations":[{"start":{"line":34,"column":4},"end":{"line":36,"column":5}},{"start":{},"end":{}}],"line":34},"9":{"loc":{"start":{"line":34,"column":7},"end":{"line":34,"column":33}},"type":"binary-expr","locations":[{"start":{"line":34,"column":7},"end":{"line":34,"column":18}},{"start":{"line":34,"column":22},"end":{"line":34,"column":33}}],"line":34},"10":{"loc":{"start":{"line":42,"column":4},"end":{"line":44,"column":5}},"type":"if","locations":[{"start":{"line":42,"column":4},"end":{"line":44,"column":5}},{"start":{},"end":{}}],"line":42}},"s":{"0":5,"1":1,"2":4,"3":5,"4":0,"5":5,"6":8,"7":0,"8":8,"9":9,"10":0,"11":9,"12":9,"13":0,"14":9,"15":7,"16":0,"17":7,"18":1},"f":{"0":5,"1":5,"2":8,"3":9,"4":9,"5":7},"b":{"0":[1,4],"1":[5,4],"2":[0,5],"3":[5,5],"4":[0,8],"5":[8,8],"6":[0,9],"7":[9,9],"8":[0,9],"9":[9,9],"10":[0,7]},"_coverageSchema":"1a1c01bbd47fc00a2c39e90264f33305004495a9","hash":"eb2bd5c014626605d6fe7cbf1785a7c90fd2d4b7"}
}
