TN:
SF:src\operacoes.js
FN:1,sum
FN:9,sub
FN:17,mult
FN:25,div
FN:33,pot
FN:41,raiz
FNF:6
FNH:6
FNDA:5,sum
FNDA:5,sub
FNDA:8,mult
FNDA:9,div
FNDA:9,pot
FNDA:7,raiz
DA:2,5
DA:3,1
DA:6,4
DA:10,5
DA:11,0
DA:14,5
DA:18,8
DA:19,0
DA:22,8
DA:26,9
DA:27,0
DA:30,9
DA:34,9
DA:35,0
DA:38,9
DA:42,7
DA:43,0
DA:46,7
DA:50,1
LF:19
LH:14
BRDA:2,0,0,1
BRDA:2,0,1,4
BRDA:2,1,0,5
BRDA:2,1,1,4
BRDA:10,2,0,0
BRDA:10,2,1,5
BRDA:10,3,0,5
BRDA:10,3,1,5
BRDA:18,4,0,0
BRDA:18,4,1,8
BRDA:18,5,0,8
BRDA:18,5,1,8
BRDA:26,6,0,0
BRDA:26,6,1,9
BRDA:26,7,0,9
BRDA:26,7,1,9
BRDA:34,8,0,0
BRDA:34,8,1,9
BRDA:34,9,0,9
BRDA:34,9,1,9
BRDA:42,10,0,0
BRDA:42,10,1,7
BRF:22
BRH:17
end_of_record
